0 info it worked if it ends with ok
1 verbose cli [ 'node', '/usr/local/bin/npm', 'install', '--global', 'gulp' ]
2 info using npm@1.4.28
3 info using node@v0.10.35
4 verbose cache add [ 'gulp', null ]
5 verbose cache add name=undefined spec="gulp" args=["gulp",null]
6 verbose parsed url { protocol: null,
6 verbose parsed url   slashes: null,
6 verbose parsed url   auth: null,
6 verbose parsed url   host: null,
6 verbose parsed url   port: null,
6 verbose parsed url   hostname: null,
6 verbose parsed url   hash: null,
6 verbose parsed url   search: null,
6 verbose parsed url   query: null,
6 verbose parsed url   pathname: 'gulp',
6 verbose parsed url   path: 'gulp',
6 verbose parsed url   href: 'gulp' }
7 silly lockFile 9750c68d-gulp gulp
8 verbose lock gulp /Users/wangzhili/.npm/9750c68d-gulp.lock
9 silly lockFile 9750c68d-gulp gulp
10 silly lockFile 9750c68d-gulp gulp
11 verbose addNamed [ 'gulp', '' ]
12 verbose addNamed [ null, '*' ]
13 silly lockFile 72f4391e-gulp gulp@
14 verbose lock gulp@ /Users/wangzhili/.npm/72f4391e-gulp.lock
15 silly addNameRange { name: 'gulp', range: '*', hasData: false }
16 verbose request where is /gulp
17 verbose request registry https://registry.npmjs.org/
18 verbose request id a213cb8be46595ad
19 verbose url raw /gulp
20 verbose url resolving [ 'https://registry.npmjs.org/', './gulp' ]
21 verbose url resolved https://registry.npmjs.org/gulp
22 verbose request where is https://registry.npmjs.org/gulp
23 info trying registry request attempt 1 at 22:14:23
24 verbose etag "16GSA9ZV2FFAC5TFNK31CQPOK"
25 http GET https://registry.npmjs.org/gulp
26 http 200 https://registry.npmjs.org/gulp
27 silly registry.get cb [ 200,
27 silly registry.get   { date: 'Wed, 11 Mar 2015 14:14:27 GMT',
27 silly registry.get     server: 'CouchDB/1.5.0 (Erlang OTP/R16B03)',
27 silly registry.get     etag: '"3KU8L97MB7N0DUOF3OVHSWHE8"',
27 silly registry.get     'content-type': 'application/json',
27 silly registry.get     'cache-control': 'max-age=60',
27 silly registry.get     'content-length': '100457',
27 silly registry.get     'accept-ranges': 'bytes',
27 silly registry.get     via: '1.1 varnish',
27 silly registry.get     age: '59',
27 silly registry.get     'x-served-by': 'cache-nrt6124-NRT',
27 silly registry.get     'x-cache': 'HIT',
27 silly registry.get     'x-cache-hits': '1',
27 silly registry.get     'x-timer': 'S1426083267.278701,VS0,VE1',
27 silly registry.get     vary: 'Accept',
27 silly registry.get     'keep-alive': 'timeout=10, max=50',
27 silly registry.get     connection: 'Keep-Alive' } ]
28 silly addNameRange number 2 { name: 'gulp', range: '*', hasData: true }
29 silly addNameRange versions [ 'gulp',
29 silly addNameRange   [ '0.0.1',
29 silly addNameRange     '0.0.2',
29 silly addNameRange     '0.0.3',
29 silly addNameRange     '0.0.4',
29 silly addNameRange     '0.0.5',
29 silly addNameRange     '0.0.7',
29 silly addNameRange     '0.0.8',
29 silly addNameRange     '0.0.9',
29 silly addNameRange     '0.1.0',
29 silly addNameRange     '0.2.0',
29 silly addNameRange     '1.0.0',
29 silly addNameRange     '1.1.0',
29 silly addNameRange     '1.2.0',
29 silly addNameRange     '1.2.1',
29 silly addNameRange     '2.0.0',
29 silly addNameRange     '2.0.1',
29 silly addNameRange     '2.1.0',
29 silly addNameRange     '2.2.0',
29 silly addNameRange     '2.3.0',
29 silly addNameRange     '2.4.0',
29 silly addNameRange     '2.4.1',
29 silly addNameRange     '2.6.0',
29 silly addNameRange     '2.6.1',
29 silly addNameRange     '2.7.0',
29 silly addNameRange     '3.0.0',
29 silly addNameRange     '3.1.1',
29 silly addNameRange     '3.1.2',
29 silly addNameRange     '3.1.3',
29 silly addNameRange     '3.1.4',
29 silly addNameRange     '3.2.0',
29 silly addNameRange     '3.2.1',
29 silly addNameRange     '3.2.2',
29 silly addNameRange     '3.2.3',
29 silly addNameRange     '3.2.4',
29 silly addNameRange     '3.2.5',
29 silly addNameRange     '3.3.0',
29 silly addNameRange     '3.3.1',
29 silly addNameRange     '3.3.2',
29 silly addNameRange     '3.3.4',
29 silly addNameRange     '3.4.0',
29 silly addNameRange     '3.5.0',
29 silly addNameRange     '3.5.1',
29 silly addNameRange     '3.5.2',
29 silly addNameRange     '3.5.5',
29 silly addNameRange     '3.5.6',
29 silly addNameRange     '3.6.0',
29 silly addNameRange     '3.6.1',
29 silly addNameRange     '3.6.2',
29 silly addNameRange     '3.7.0',
29 silly addNameRange     '3.8.0',
29 silly addNameRange     '3.8.1',
29 silly addNameRange     '3.8.2',
29 silly addNameRange     '3.8.3',
29 silly addNameRange     '3.8.4',
29 silly addNameRange     '3.8.5',
29 silly addNameRange     '3.8.6',
29 silly addNameRange     '3.8.7',
29 silly addNameRange     '3.8.8',
29 silly addNameRange     '3.8.9',
29 silly addNameRange     '3.8.10',
29 silly addNameRange     '3.8.11' ] ]
30 verbose addNamed [ 'gulp', '3.8.11' ]
31 verbose addNamed [ '3.8.11', '3.8.11' ]
32 silly lockFile 3d31ec08-gulp-3-8-11 gulp@3.8.11
33 verbose lock gulp@3.8.11 /Users/wangzhili/.npm/3d31ec08-gulp-3-8-11.lock
34 silly lockFile 3d31ec08-gulp-3-8-11 gulp@3.8.11
35 silly lockFile 3d31ec08-gulp-3-8-11 gulp@3.8.11
36 silly lockFile 72f4391e-gulp gulp@
37 silly lockFile 72f4391e-gulp gulp@
38 silly resolved [ { name: 'gulp',
38 silly resolved     description: 'The streaming build system',
38 silly resolved     version: '3.8.11',
38 silly resolved     homepage: 'http://gulpjs.com',
38 silly resolved     repository: { type: 'git', url: 'https://github.com/gulpjs/gulp' },
38 silly resolved     author:
38 silly resolved      { name: 'Fractal',
38 silly resolved        email: 'contact@wearefractal.com',
38 silly resolved        url: 'http://wearefractal.com/' },
38 silly resolved     tags: [ 'build', 'stream', 'system', 'make', 'tool', 'asset', 'pipeline' ],
38 silly resolved     files: [ 'index.js', 'lib', 'bin', 'completion' ],
38 silly resolved     bin: { gulp: './bin/gulp.js' },
38 silly resolved     man: [ 'gulp.1' ],
38 silly resolved     dependencies:
38 silly resolved      { archy: '^1.0.0',
38 silly resolved        chalk: '^0.5.0',
38 silly resolved        deprecated: '^0.0.1',
38 silly resolved        'gulp-util': '^3.0.0',
38 silly resolved        interpret: '^0.3.2',
38 silly resolved        liftoff: '^2.0.1',
38 silly resolved        minimist: '^1.1.0',
38 silly resolved        orchestrator: '^0.3.0',
38 silly resolved        'pretty-hrtime': '^0.2.0',
38 silly resolved        semver: '^4.1.0',
38 silly resolved        tildify: '^1.0.0',
38 silly resolved        v8flags: '^2.0.2',
38 silly resolved        'vinyl-fs': '^0.3.0' },
38 silly resolved     devDependencies:
38 silly resolved      { coveralls: '^2.7.0',
38 silly resolved        'graceful-fs': '^3.0.0',
38 silly resolved        istanbul: '^0.3.0',
38 silly resolved        jshint: '^2.5.0',
38 silly resolved        'jshint-stylish': '^1.0.0',
38 silly resolved        'marked-man': '^0.1.3',
38 silly resolved        mkdirp: '^0.5.0',
38 silly resolved        mocha: '^2.0.1',
38 silly resolved        'mocha-lcov-reporter': '^0.0.1',
38 silly resolved        q: '^1.0.0',
38 silly resolved        rimraf: '^2.2.5',
38 silly resolved        should: '^4.0.0' },
38 silly resolved     scripts:
38 silly resolved      { prepublish: 'marked-man --name gulp docs/CLI.md > gulp.1',
38 silly resolved        lint: 'jshint lib bin index.js --reporter node_modules/jshint-stylish/stylish.js --exclude node_modules',
38 silly resolved        test: 'npm run-script lint && mocha --reporter spec',
38 silly resolved        coveralls: 'istanbul cover _mocha --report lcovonly -- -R spec && cat ./coverage/lcov.info | coveralls && rm -rf ./coverage' },
38 silly resolved     engineStrict: true,
38 silly resolved     engines: { node: '>= 0.9' },
38 silly resolved     licenses: [ [Object] ],
38 silly resolved     gitHead: '84df40b0faabc2b61d576154fd1145e2146377ca',
38 silly resolved     bugs: { url: 'https://github.com/gulpjs/gulp/issues' },
38 silly resolved     _id: 'gulp@3.8.11',
38 silly resolved     _shasum: 'd557e0a7283eb4136491969b0497767972f1d28a',
38 silly resolved     _from: 'gulp@',
38 silly resolved     _npmVersion: '2.5.1',
38 silly resolved     _nodeVersion: '0.12.0',
38 silly resolved     _npmUser: { name: 'phated', email: 'blaine@iceddev.com' },
38 silly resolved     maintainers: [ [Object], [Object] ],
38 silly resolved     dist:
38 silly resolved      { shasum: 'd557e0a7283eb4136491969b0497767972f1d28a',
38 silly resolved        tarball: 'http://registry.npmjs.org/gulp/-/gulp-3.8.11.tgz' },
38 silly resolved     directories: {},
38 silly resolved     _resolved: 'https://registry.npmjs.org/gulp/-/gulp-3.8.11.tgz',
38 silly resolved     readme: 'ERROR: No README data found!' } ]
39 info install gulp@3.8.11 into /Users/wangzhili/.node/lib
40 info installOne gulp@3.8.11
41 verbose lib/node_modules/gulp unbuild
42 verbose tar unpack /Users/wangzhili/.npm/gulp/3.8.11/package.tgz
43 silly lockFile fce7d680-zhili-node-lib-node-modules-gulp tar:///Users/wangzhili/.node/lib/node_modules/gulp
44 verbose lock tar:///Users/wangzhili/.node/lib/node_modules/gulp /Users/wangzhili/.npm/fce7d680-zhili-node-lib-node-modules-gulp.lock
45 silly lockFile 252dd27b-hili-npm-gulp-3-8-11-package-tgz tar:///Users/wangzhili/.npm/gulp/3.8.11/package.tgz
46 verbose lock tar:///Users/wangzhili/.npm/gulp/3.8.11/package.tgz /Users/wangzhili/.npm/252dd27b-hili-npm-gulp-3-8-11-package-tgz.lock
47 silly gunzTarPerm modes [ '755', '644' ]
48 error Error: EACCES, mkdir '/Users/wangzhili/.node/lib/node_modules/gulp'
48 error  { [Error: EACCES, mkdir '/Users/wangzhili/.node/lib/node_modules/gulp']
48 error   errno: 3,
48 error   code: 'EACCES',
48 error   path: '/Users/wangzhili/.node/lib/node_modules/gulp',
48 error   fstream_type: 'Directory',
48 error   fstream_path: '/Users/wangzhili/.node/lib/node_modules/gulp',
48 error   fstream_class: 'DirWriter',
48 error   fstream_stack:
48 error    [ '/usr/local/lib/node_modules/npm/node_modules/fstream/lib/dir-writer.js:36:23',
48 error      '/usr/local/lib/node_modules/npm/node_modules/mkdirp/index.js:46:53',
48 error      'Object.oncomplete (fs.js:108:15)' ] }
49 error Please try running this command again as root/Administrator.
50 error System Darwin 14.1.0
51 error command "node" "/usr/local/bin/npm" "install" "--global" "gulp"
52 error cwd /Users/wangzhili/myProject/kvm.js
53 error node -v v0.10.35
54 error npm -v 1.4.28
55 error path /Users/wangzhili/.node/lib/node_modules/gulp
56 error fstream_path /Users/wangzhili/.node/lib/node_modules/gulp
57 error fstream_type Directory
58 error fstream_class DirWriter
59 error code EACCES
60 error errno 3
61 error stack Error: EACCES, mkdir '/Users/wangzhili/.node/lib/node_modules/gulp'
62 error fstream_stack /usr/local/lib/node_modules/npm/node_modules/fstream/lib/dir-writer.js:36:23
62 error fstream_stack /usr/local/lib/node_modules/npm/node_modules/mkdirp/index.js:46:53
62 error fstream_stack Object.oncomplete (fs.js:108:15)
63 verbose exit [ 3, true ]
